<?xml version="1.0" encoding="UTF-8"?>
<testng-results ignored="0" total="1" passed="1" failed="0" skipped="0">
  <reporter-output>
  </reporter-output>
  <suite started-at="2024-03-22T23:21:08 IST" name="Surefire suite" finished-at="2024-03-22T23:21:09 IST" duration-ms="1728">
    <groups>
    </groups>
    <test started-at="2024-03-22T23:21:08 IST" name="Surefire test" finished-at="2024-03-22T23:21:09 IST" duration-ms="1728">
      <class name="SeleniumJenkins.SeleniumJenkins.AppTest">
        <test-method signature="validateLoginTC(java.lang.String,java.lang.String)[pri:0, instance:SeleniumJenkins.SeleniumJenkins.AppTest@6f3b5d16]" started-at="2024-03-22T23:21:08 IST" name="validateLoginTC" data-provider="testdata" finished-at="2024-03-22T23:21:09 IST" duration-ms="1701" status="PASS">
          <params>
            <param index="0">
              <value>
                <![CDATA[standard_user]]>
              </value>
            </param>
            <param index="1">
              <value>
                <![CDATA[secret_sauce]]>
              </value>
            </param>
          </params>
          <reporter-output>
          </reporter-output>
        </test-method> <!-- validateLoginTC -->
      </class> <!-- SeleniumJenkins.SeleniumJenkins.AppTest -->
    </test> <!-- Surefire test -->
  </suite> <!-- Surefire suite -->
</testng-results>
